#
# There is insufficient memory for the Java Runtime Environment to continue.
# Native memory allocation (mmap) failed to map 67108864 bytes for G1 virtual space
# Possible reasons:
#   The system is out of physical RAM or swap space
#   The process is running with CompressedOops enabled, and the Java Heap may be blocking the growth of the native heap
# Possible solutions:
#   Reduce memory load on the system
#   Increase physical memory or swap space
#   Check if swap backing store is full
#   Decrease Java heap size (-Xmx/-Xms)
#   Decrease number of Java threads
#   Decrease Java thread stack sizes (-Xss)
#   Set larger code cache with -XX:ReservedCodeCacheSize=
#   JVM is running with Unscaled Compressed Oops mode in which the Java heap is
#     placed in the first 4GB address space. The Java Heap base address is the
#     maximum limit for the native heap growth. Please use -XX:HeapBaseMinAddress
#     to set the Java Heap base and to place the Java Heap above 4GB virtual address.
# This output file may be truncated or incomplete.
#
#  Out of Memory Error (os_windows.cpp:3552), pid=9796, tid=24748
#
# JRE version:  (17.0.9+11) (build )
# Java VM: Java HotSpot(TM) 64-Bit Server VM (17.0.9+11-LTS-201, mixed mode, sharing, tiered, compressed oops, compressed class ptrs, g1 gc, windows-amd64)
# No core dump will be written. Minidumps are not enabled by default on client versions of Windows
#

---------------  S U M M A R Y ------------

Command Line: -Xmx64m -Xms64m -Dorg.gradle.appname=gradlew org.gradle.wrapper.GradleWrapperMain app:installDebug -PreactNativeDevServerPort=8081

Host: AMD Ryzen 7 5800H with Radeon Graphics         , 16 cores, 15G,  Windows 11 , 64 bit Build 22621 (10.0.22621.3085)
Time: Sat Jan 27 23:28:39 2024 Azerbaijan Standard Time elapsed time: 0.009461 seconds (0d 0h 0m 0s)

---------------  T H R E A D  ---------------

Current thread (0x0000013a054061a0):  JavaThread "Unknown thread" [_thread_in_vm, id=24748, stack(0x0000001832a00000,0x0000001832b00000)]

Stack: [0x0000001832a00000,0x0000001832b00000]
Native frames: (J=compiled Java code, j=interpreted, Vv=VM code, C=native code)
V  [jvm.dll+0x678a4a]
V  [jvm.dll+0x7d9cfd]
V  [jvm.dll+0x7db60e]
V  [jvm.dll+0x7dbc73]
V  [jvm.dll+0x245e1f]
V  [jvm.dll+0x6758f9]
V  [jvm.dll+0x66a2a2]
V  [jvm.dll+0x303686]
V  [jvm.dll+0x30ac06]
V  [jvm.dll+0x35a48e]
V  [jvm.dll+0x35a6bf]
V  [jvm.dll+0x2da678]
V  [jvm.dll+0x2db5e4]
V  [jvm.dll+0x7ab6b1]
V  [jvm.dll+0x368041]
V  [jvm.dll+0x78a749]
V  [jvm.dll+0x3ebd4f]
V  [jvm.dll+0x3ed7d1]
C  [jli.dll+0x5297]
C  [ucrtbase.dll+0x29363]
C  [KERNEL32.DLL+0x1257d]
C  [ntdll.dll+0x5aa58]


---------------  P R O C E S S  ---------------

Threads class SMR info:
_java_thread_list=0x00007ff939f589d8, length=0, elements={
}

Java Threads: ( => current thread )

Other Threads:
  0x0000013a054289c0 GCTaskThread "GC Thread#0" [stack: 0x0000001832b00000,0x0000001832c00000] [id=17120]
  0x0000013a0542a110 ConcurrentGCThread "G1 Main Marker" [stack: 0x0000001832c00000,0x0000001832d00000] [id=16812]
  0x0000013a0542bb30 ConcurrentGCThread "G1 Conc#0" [stack: 0x0000001832d00000,0x0000001832e00000] [id=26236]

[error occurred during error reporting (printing all threads), id 0xc0000005, EXCEPTION_ACCESS_VIOLATION (0xc0000005) at pc=0x00007ff93978b2d7]

VM state: not at safepoint (not fully initialized)

VM Mutex/Monitor currently owned by a thread:  ([mutex/lock_event])
[0x0000013a05403b00] Heap_lock - owner thread: 0x0000013a054061a0

Heap address: 0x00000000fc000000, size: 64 MB, Compressed Oops mode: 32-bit

CDS archive(s) mapped at: [0x0000000000000000-0x0000000000000000-0x0000000000000000), size 0, SharedBaseAddress: 0x0000000800000000, ArchiveRelocationMode: 1.
Narrow klass base: 0x0000000000000000, Narrow klass shift: 0, Narrow klass range: 0x0

GC Precious Log:
<Empty>

Heap:
 garbage-first heap   total 0K, used 0K [0x00000000fc000000, 0x0000000100000000)
  region size 1024K, 0 young (0K), 0 survivors (0K)

[error occurred during error reporting (printing heap information), id 0xc0000005, EXCEPTION_ACCESS_VIOLATION (0xc0000005) at pc=0x00007ff939b72229]

GC Heap History (0 events):
No events

Deoptimization events (0 events):
No events

Classes unloaded (0 events):
No events

Classes redefined (0 events):
No events

Internal exceptions (0 events):
No events

VM Operations (0 events):
No events

Events (1 events):
Event: 0.006 Loaded shared library C:\Program Files\Java\jdk-17\bin\java.dll


Dynamic libraries:
0x00007ff64d640000 - 0x00007ff64d650000 	C:\Program Files\Java\jdk-17\bin\java.exe
0x00007ff9ab8d0000 - 0x00007ff9abae7000 	C:\WINDOWS\SYSTEM32\ntdll.dll
0x00007ff9ab3f0000 - 0x00007ff9ab4b4000 	C:\WINDOWS\System32\KERNEL32.DLL
0x00007ff9a9150000 - 0x00007ff9a94f6000 	C:\WINDOWS\System32\KERNELBASE.dll
0x00007ff9a8fb0000 - 0x00007ff9a90c1000 	C:\WINDOWS\System32\ucrtbase.dll
0x00007ff99fab0000 - 0x00007ff99fac9000 	C:\Program Files\Java\jdk-17\bin\jli.dll
0x00007ff99fad0000 - 0x00007ff99faeb000 	C:\Program Files\Java\jdk-17\bin\VCRUNTIME140.dll
0x00007ff9aa750000 - 0x00007ff9aa803000 	C:\WINDOWS\System32\ADVAPI32.dll
0x00007ff9ab710000 - 0x00007ff9ab7b7000 	C:\WINDOWS\System32\msvcrt.dll
0x00007ff9a9630000 - 0x00007ff9a96d8000 	C:\WINDOWS\System32\sechost.dll
0x00007ff9a9530000 - 0x00007ff9a9558000 	C:\WINDOWS\System32\bcrypt.dll
0x00007ff9ab2a0000 - 0x00007ff9ab3b7000 	C:\WINDOWS\System32\RPCRT4.dll
0x00007ff9aa490000 - 0x00007ff9aa63e000 	C:\WINDOWS\System32\USER32.dll
0x00007ff9a9500000 - 0x00007ff9a9526000 	C:\WINDOWS\System32\win32u.dll
0x00007ff9ab3c0000 - 0x00007ff9ab3e9000 	C:\WINDOWS\System32\GDI32.dll
0x00007ff9a8c80000 - 0x00007ff9a8d98000 	C:\WINDOWS\System32\gdi32full.dll
0x00007ff9a1be0000 - 0x00007ff9a1e73000 	C:\WINDOWS\WinSxS\amd64_microsoft.windows.common-controls_6595b64144ccf1df_6.0.22621.2506_none_270c5ae97388e100\COMCTL32.dll
0x00007ff9a8f10000 - 0x00007ff9a8faa000 	C:\WINDOWS\System32\msvcp_win.dll
0x00007ff9a2e50000 - 0x00007ff9a2e5a000 	C:\WINDOWS\SYSTEM32\VERSION.dll
0x00007ff9a9b70000 - 0x00007ff9a9ba1000 	C:\WINDOWS\System32\IMM32.DLL
0x00007ff99faa0000 - 0x00007ff99faac000 	C:\Program Files\Java\jdk-17\bin\vcruntime140_1.dll
0x00007ff949770000 - 0x00007ff9497fe000 	C:\Program Files\Java\jdk-17\bin\msvcp140.dll
0x00007ff9394a0000 - 0x00007ff93a081000 	C:\Program Files\Java\jdk-17\bin\server\jvm.dll
0x00007ff9a9620000 - 0x00007ff9a9628000 	C:\WINDOWS\System32\PSAPI.DLL
0x00007ff99fd30000 - 0x00007ff99fd64000 	C:\WINDOWS\SYSTEM32\WINMM.dll
0x00007ff991420000 - 0x00007ff991429000 	C:\WINDOWS\SYSTEM32\WSOCK32.dll
0x00007ff9aa340000 - 0x00007ff9aa3b1000 	C:\WINDOWS\System32\WS2_32.dll
0x00007ff9a7c50000 - 0x00007ff9a7c68000 	C:\WINDOWS\SYSTEM32\kernel.appcore.dll
0x00007ff990320000 - 0x00007ff99032a000 	C:\Program Files\Java\jdk-17\bin\jimage.dll
0x00007ff9a6750000 - 0x00007ff9a6983000 	C:\WINDOWS\SYSTEM32\DBGHELP.DLL
0x00007ff9a9bd0000 - 0x00007ff9a9f59000 	C:\WINDOWS\System32\combase.dll
0x00007ff9aa810000 - 0x00007ff9aa8e7000 	C:\WINDOWS\System32\OLEAUT32.dll
0x00007ff9a18e0000 - 0x00007ff9a1912000 	C:\WINDOWS\SYSTEM32\dbgcore.DLL
0x00007ff9a90d0000 - 0x00007ff9a914a000 	C:\WINDOWS\System32\bcryptPrimitives.dll
0x00007ff949500000 - 0x00007ff949525000 	C:\Program Files\Java\jdk-17\bin\java.dll

dbghelp: loaded successfully - version: 4.0.5 - missing functions: none
symbol engine: initialized successfully - sym options: 0x614 - pdb path: .;C:\Program Files\Java\jdk-17\bin;C:\WINDOWS\SYSTEM32;C:\WINDOWS\WinSxS\amd64_microsoft.windows.common-controls_6595b64144ccf1df_6.0.22621.2506_none_270c5ae97388e100;C:\Program Files\Java\jdk-17\bin\server

VM Arguments:
jvm_args: -Xmx64m -Xms64m -Dorg.gradle.appname=gradlew 
java_command: org.gradle.wrapper.GradleWrapperMain app:installDebug -PreactNativeDevServerPort=8081
java_class_path (initial): D:\React-native\SkiaAnimations\android\\gradle\wrapper\gradle-wrapper.jar
Launcher Type: SUN_STANDARD

[Global flags]
     intx CICompilerCount                          = 12                                        {product} {ergonomic}
     uint ConcGCThreads                            = 3                                         {product} {ergonomic}
     uint G1ConcRefinementThreads                  = 13                                        {product} {ergonomic}
   size_t G1HeapRegionSize                         = 1048576                                   {product} {ergonomic}
    uintx GCDrainStackTargetSize                   = 64                                        {product} {ergonomic}
   size_t InitialHeapSize                          = 67108864                                  {product} {command line}
   size_t MarkStackSize                            = 4194304                                   {product} {ergonomic}
   size_t MaxHeapSize                              = 67108864                                  {product} {command line}
   size_t MinHeapDeltaBytes                        = 1048576                                   {product} {ergonomic}
   size_t MinHeapSize                              = 67108864                                  {product} {command line}
    uintx NonNMethodCodeHeapSize                   = 7602480                                {pd product} {ergonomic}
    uintx NonProfiledCodeHeapSize                  = 122027880                              {pd product} {ergonomic}
    uintx ProfiledCodeHeapSize                     = 122027880                              {pd product} {ergonomic}
    uintx ReservedCodeCacheSize                    = 251658240                              {pd product} {ergonomic}
     bool SegmentedCodeCache                       = true                                      {product} {ergonomic}
   size_t SoftMaxHeapSize                          = 67108864                               {manageable} {ergonomic}
     bool UseCompressedClassPointers               = true                           {product lp64_product} {ergonomic}
     bool UseCompressedOops                        = true                           {product lp64_product} {ergonomic}
     bool UseG1GC                                  = true                                      {product} {ergonomic}
     bool UseLargePagesIndividualAllocation        = false                                  {pd product} {ergonomic}

Logging:
Log output configuration:
 #0: stdout all=warning uptime,level,tags
 #1: stderr all=off uptime,level,tags

Environment Variables:
JAVA_HOME=C:\Program Files\Java\jdk-17
CLASSPATH=D:\React-native\SkiaAnimations\android\\gradle\wrapper\gradle-wrapper.jar
PATH=D:\React-native\SkiaAnimations\node_modules\.bin;D:\React-native\SkiaAnimations\node_modules\.bin;D:\React-native\node_modules\.bin;D:\node_modules\.bin;C:\Users\User\AppData\Roaming\npm\node_modules\npm\node_modules\@npmcli\run-script\lib\node-gyp-bin;D:\React-native\SkiaAnimations\node_modules\.bin;D:\React-native\node_modules\.bin;D:\node_modules\.bin;C:\Users\User\AppData\Roaming\npm\node_modules\npm\node_modules\@npmcli\run-script\lib\node-gyp-bin;C:\Program Files\Common Files\Oracle\Java\javapath;C:\Program Files\Microsoft\jdk-11.0.18.10-hotspot\bin;C:\Program Files (x86)\Common Files\Intel\Shared Libraries\redist\intel64\compiler;C:\WINDOWS\system32;C:\WINDOWS;C:\WINDOWS\System32\Wbem;C:\WINDOWS\System32\WindowsPowerShell\v1.0\;C:\WINDOWS\System32\OpenSSH\;C:\Program Files\Microsoft SQL Server\130\Tools\Binn\;"C:\Program Files\Git\cmd;C:\src\flutter_windows_2.10.4-stable\bin";C:\Program Files (x86)\NVIDIA Corporation\PhysX\Common;C:\Program Files\NVIDIA Corporation\NVIDIA NvDLISR;C:\Program Files\dotnet\;C:\WINDOWS\system32;C:\WINDOWS;C:\WINDOWS\System32\Wbem;C:\WINDOWS\System32\WindowsPowerShell\v1.0\;C:\WINDOWS\System32\OpenSSH\;C:\Program Files\Git\cmd;C:\ProgramData\chocolatey\bin;C:\Program Files\nodejs\;C:\Program Files\GitHub CLI\;C:\Program Files\Java\jdk-17\bin;C:\Users\User\AppData\Local\Programs\Python\Python310\Scripts\;C:\Users\User\AppData\Local\Programs\Python\Python310\;C:\Users\User\AppData\Local\Microsoft\WindowsApps;"C:\Users\User\AppData\Local\Programs\Microsoft VS Code\bin;C:\src\flutter_windows_2.10.4-stable\bin";C:\Users\User\AppData\Local\Programs\Microsoft VS Code\bin;C:\Users\User\AppData\Local\GitHubDesktop\bin;C:\Users\User\AppData\Local\JetBrains\Toolbox\scripts;C:\Users\User\AppData\Local\Microsoft\WindowsApps;C:\src\flutter\bin;C:\Users\User\AppData\Roaming\npm
USERNAME=User
LANG=en_US.UTF-8
OS=Windows_NT
PROCESSOR_IDENTIFIER=AMD64 Family 25 Model 80 Stepping 0, AuthenticAMD



---------------  S Y S T E M  ---------------

OS:
 Windows 11 , 64 bit Build 22621 (10.0.22621.3085)
OS uptime: 3 days 8:58 hours

CPU: total 16 (initial active 16) (16 cores per cpu, 2 threads per core) family 25 model 80 stepping 0 microcode 0x0, cx8, cmov, fxsr, ht, mmx, 3dnowpref, sse, sse2, sse3, ssse3, sse4a, sse4.1, sse4.2, popcnt, lzcnt, tsc, tscinvbit, avx, avx2, aes, erms, clmul, bmi1, bmi2, adx, sha, fma, vzeroupper, clflush, clflushopt

Memory: 4k page, system-wide physical 15774M (1647M free)
TotalPageFile size 23966M (AvailPageFile size 51M)
current process WorkingSet (physical memory assigned to process): 11M, peak: 11M
current process commit charge ("private bytes"): 69M, peak: 133M

vm_info: Java HotSpot(TM) 64-Bit Server VM (17.0.9+11-LTS-201) for windows-amd64 JRE (17.0.9+11-LTS-201), built on Oct 10 2023 23:16:06 by "mach5one" with MS VC++ 17.1 (VS2022)

END.
